0 info it worked if it ends with ok
1 verbose cli [ 'C:\\Program Files\\nodejs\\\\node.exe',
1 verbose cli   'C:\\Program Files\\nodejs\\node_modules\\npm\\bin\\npm-cli.js',
1 verbose cli   'run',
1 verbose cli   'build' ]
2 info using npm@2.11.3
3 info using node@v0.12.7
4 verbose run-script [ 'prebuild', 'build', 'postbuild' ]
5 info prebuild simply-alt-iso@0.0.7
6 info build simply-alt-iso@0.0.7
7 verbose unsafe-perm in lifecycle true
8 info simply-alt-iso@0.0.7 Failed to exec build script
9 verbose stack Error: simply-alt-iso@0.0.7 build: `rm dist/bundle.js && npm run build && babel-node server.js`
9 verbose stack Exit status 1
9 verbose stack     at EventEmitter.<anonymous> (C:\Program Files\nodejs\node_modules\npm\lib\utils\lifecycle.js:213:16)
9 verbose stack     at EventEmitter.emit (events.js:110:17)
9 verbose stack     at ChildProcess.<anonymous> (C:\Program Files\nodejs\node_modules\npm\lib\utils\spawn.js:24:14)
9 verbose stack     at ChildProcess.emit (events.js:110:17)
9 verbose stack     at maybeClose (child_process.js:1015:16)
9 verbose stack     at Process.ChildProcess._handle.onexit (child_process.js:1087:5)
10 verbose pkgid simply-alt-iso@0.0.7
11 verbose cwd E:\distro\iso
12 error Windows_NT 6.1.7600
13 error argv "C:\\Program Files\\nodejs\\\\node.exe" "C:\\Program Files\\nodejs\\node_modules\\npm\\bin\\npm-cli.js" "run" "build"
14 error node v0.12.7
15 error npm  v2.11.3
16 error code ELIFECYCLE
17 error simply-alt-iso@0.0.7 build: `rm dist/bundle.js && npm run build && babel-node server.js`
17 error Exit status 1
18 error Failed at the simply-alt-iso@0.0.7 build script 'rm dist/bundle.js && npm run build && babel-node server.js'.
18 error This is most likely a problem with the simply-alt-iso package,
18 error not with npm itself.
18 error Tell the author that this fails on your system:
18 error     rm dist/bundle.js && npm run build && babel-node server.js
18 error You can get their info via:
18 error     npm owner ls simply-alt-iso
18 error There is likely additional logging output above.
19 verbose exit [ 1, true ]
